#
# There is insufficient memory for the Java Runtime Environment to continue.
# Native memory allocation (malloc) failed to allocate 352816 bytes for Chunk::new
# Possible reasons:
#   The system is out of physical RAM or swap space
#   The process is running with CompressedOops enabled, and the Java Heap may be blocking the growth of the native heap
# Possible solutions:
#   Reduce memory load on the system
#   Increase physical memory or swap space
#   Check if swap backing store is full
#   Decrease Java heap size (-Xmx/-Xms)
#   Decrease number of Java threads
#   Decrease Java thread stack sizes (-Xss)
#   Set larger code cache with -XX:ReservedCodeCacheSize=
#   JVM is running with Unscaled Compressed Oops mode in which the Java heap is
#     placed in the first 4GB address space. The Java Heap base address is the
#     maximum limit for the native heap growth. Please use -XX:HeapBaseMinAddress
#     to set the Java Heap base and to place the Java Heap above 4GB virtual address.
# This output file may be truncated or incomplete.
#
#  Out of Memory Error (allocation.cpp:390), pid=1192, tid=0x0000000000000a40
#
# JRE version: Java(TM) SE Runtime Environment (8.0_201-b09) (build 1.8.0_201-b09)
# Java VM: Java HotSpot(TM) 64-Bit Server VM (25.201-b09 mixed mode windows-amd64 compressed oops)
# Failed to write core dump. Minidumps are not enabled by default on client versions of Windows
#

---------------  T H R E A D  ---------------

Current thread (0x0000000019734800):  JavaThread "C2 CompilerThread0" daemon [_thread_in_native, id=2624, stack(0x000000001a000000,0x000000001a100000)]

Stack: [0x000000001a000000,0x000000001a100000]
[error occurred during error reporting (printing stack bounds), id 0xc0000005]

Native frames: (J=compiled Java code, j=interpreted, Vv=VM code, C=native code)


Current CompileTask:
C2:   2666 1908   !   4       com.sun.javafx.css.parser.CSSLexer::getToken (1341 bytes)


---------------  P R O C E S S  ---------------

Java Threads: ( => current thread )
  0x000000001a9e4000 JavaThread "Prism Font Disposer" daemon [_thread_blocked, id=12588, stack(0x00000000213b0000,0x00000000214b0000)]
  0x000000001a707800 JavaThread "Thread-3" daemon [_thread_in_native, id=11356, stack(0x0000000020a40000,0x0000000020b40000)]
  0x000000001a711000 JavaThread "JavaFX-Launcher" [_thread_blocked, id=11660, stack(0x0000000020b40000,0x0000000020c40000)]
  0x000000001a67d800 JavaThread "JavaFX Application Thread" [_thread_in_Java, id=9444, stack(0x000000001ba40000,0x000000001bb40000)]
  0x000000001a67b000 JavaThread "Thread-1" daemon [_thread_blocked, id=2108, stack(0x000000001b940000,0x000000001ba40000)]
  0x000000001a64e800 JavaThread "QuantumRenderer-0" daemon [_thread_blocked, id=2260, stack(0x000000001b080000,0x000000001b180000)]
  0x00000000197cf000 JavaThread "Service Thread" daemon [_thread_blocked, id=8956, stack(0x000000001a400000,0x000000001a500000)]
  0x0000000019767000 JavaThread "C1 CompilerThread3" daemon [_thread_in_native, id=8724, stack(0x000000001a300000,0x000000001a400000)]
  0x0000000019745000 JavaThread "C2 CompilerThread2" daemon [_thread_in_native, id=10476, stack(0x000000001a200000,0x000000001a300000)]
  0x0000000019738000 JavaThread "C2 CompilerThread1" daemon [_thread_in_native, id=12332, stack(0x000000001a100000,0x000000001a200000)]
=>0x0000000019734800 JavaThread "C2 CompilerThread0" daemon [_thread_in_native, id=2624, stack(0x000000001a000000,0x000000001a100000)]
  0x0000000019730000 JavaThread "Attach Listener" daemon [_thread_blocked, id=7856, stack(0x0000000019f00000,0x000000001a000000)]
  0x000000001972f000 JavaThread "Signal Dispatcher" daemon [_thread_blocked, id=2528, stack(0x0000000019e00000,0x0000000019f00000)]
  0x0000000019721000 JavaThread "Finalizer" daemon [_thread_blocked, id=12352, stack(0x0000000019c00000,0x0000000019d00000)]
  0x0000000019720800 JavaThread "Reference Handler" daemon [_thread_blocked, id=9040, stack(0x0000000019b00000,0x0000000019c00000)]
  0x000000000311e000 JavaThread "main" [_thread_blocked, id=12928, stack(0x0000000002fe0000,0x00000000030e0000)]

Other Threads:
  0x0000000017919000 VMThread [stack: 0x0000000019600000,0x0000000019700000] [id=12268]
  0x00000000197b3800 WatcherThread [stack: 0x000000001a500000,0x000000001a600000] [id=9776]

VM state:not at safepoint (normal execution)

VM Mutex/Monitor currently owned by a thread:  ([mutex/lock_event])
[0x0000000003170c50] Compile_lock - owner thread: 0x0000000000000000

heap address: 0x0000000090c00000, size: 1780 MB, Compressed Oops mode: 32-bit
Narrow klass base: 0x0000000000000000, Narrow klass shift: 3
Compressed class space size: 1073741824 Address: 0x0000000100000000

Heap:
 PSYoungGen      total 33280K, used 8082K [0x00000000daf00000, 0x00000000dd400000, 0x0000000100000000)
  eden space 28672K, 28% used [0x00000000daf00000,0x00000000db6e4830,0x00000000dcb00000)
  from space 4608K, 0% used [0x00000000dcf80000,0x00000000dcf80000,0x00000000dd400000)
  to   space 4608K, 0% used [0x00000000dcb00000,0x00000000dcb00000,0x00000000dcf80000)
 ParOldGen       total 65536K, used 8700K [0x0000000090c00000, 0x0000000094c00000, 0x00000000daf00000)
  object space 65536K, 13% used [0x0000000090c00000,0x000000009147f2b0,0x0000000094c00000)
 Metaspace       used 22543K, capacity 23388K, committed 23552K, reserved 1069056K
  class space    used 3297K, capacity 3506K, committed 3584K, reserved 1048576K

Card table byte_map: [0x0000000012630000,0x00000000129b0000] byte_map_base: 0x00000000121aa000

Marking Bits: (ParMarkBitMap*) 0x0000000076a84ce0
 Begin Bits: [0x0000000013410000, 0x0000000014fe0000)
 End Bits:   [0x0000000014fe0000, 0x0000000016bb0000)

Polling page: 0x00000000030e0000

CodeCache: size=245760Kb used=6238Kb max_used=6238Kb free=239521Kb
 bounds [0x0000000003270000, 0x0000000003890000, 0x0000000012270000]
 total_blobs=2655 nmethods=1994 adapters=574
 compilation: enabled

Compilation events (10 events):
Event: 2.663 Thread 0x0000000019767000 1995       1       com.sun.javafx.css.StyleManager::access$800 (4 bytes)
Event: 2.663 Thread 0x0000000019767000 nmethod 1995 0x0000000003884710 code [0x0000000003884860, 0x0000000003884950]
Event: 2.663 Thread 0x0000000019767000 1993       3       com.sun.javafx.css.StyleManager$Key::hashCode (66 bytes)
Event: 2.663 Thread 0x0000000019767000 nmethod 1993 0x00000000038849d0 code [0x0000000003884b60, 0x0000000003885028]
Event: 2.663 Thread 0x0000000019767000 1992       3       javafx.scene.Node::sceneProperty (8 bytes)
Event: 2.664 Thread 0x0000000019767000 nmethod 1992 0x00000000038851d0 code [0x0000000003885360, 0x0000000003885890]
Event: 2.664 Thread 0x0000000019767000 1997       3       com.sun.javafx.css.CascadingStyle::getParsedValueImpl (11 bytes)
Event: 2.664 Thread 0x0000000019767000 nmethod 1997 0x0000000003885bd0 code [0x0000000003885d20, 0x0000000003885fb0]
Event: 2.664 Thread 0x0000000019767000 1998       3       com.sun.javafx.css.PseudoClassState::retainAll (6 bytes)
Event: 2.664 Thread 0x0000000019767000 nmethod 1998 0x0000000003886090 code [0x0000000003886200, 0x0000000003886388]

GC Heap History (6 events):
Event: 0.878 GC heap before
{Heap before GC invocations=1 (full 0):
 PSYoungGen      total 33280K, used 28672K [0x00000000daf00000, 0x00000000dd400000, 0x0000000100000000)
  eden space 28672K, 100% used [0x00000000daf00000,0x00000000dcb00000,0x00000000dcb00000)
  from space 4608K, 0% used [0x00000000dcf80000,0x00000000dcf80000,0x00000000dd400000)
  to   space 4608K, 0% used [0x00000000dcb00000,0x00000000dcb00000,0x00000000dcf80000)
 ParOldGen       total 76800K, used 0K [0x0000000090c00000, 0x0000000095700000, 0x00000000daf00000)
  object space 76800K, 0% used [0x0000000090c00000,0x0000000090c00000,0x0000000095700000)
 Metaspace       used 13194K, capacity 13672K, committed 13824K, reserved 1060864K
  class space    used 1832K, capacity 1988K, committed 2048K, reserved 1048576K
Event: 0.883 GC heap after
Heap after GC invocations=1 (full 0):
 PSYoungGen      total 33280K, used 4576K [0x00000000daf00000, 0x00000000dd400000, 0x0000000100000000)
  eden space 28672K, 0% used [0x00000000daf00000,0x00000000daf00000,0x00000000dcb00000)
  from space 4608K, 99% used [0x00000000dcb00000,0x00000000dcf78030,0x00000000dcf80000)
  to   space 4608K, 0% used [0x00000000dcf80000,0x00000000dcf80000,0x00000000dd400000)
 ParOldGen       total 76800K, used 1430K [0x0000000090c00000, 0x0000000095700000, 0x00000000daf00000)
  object space 76800K, 1% used [0x0000000090c00000,0x0000000090d65b80,0x0000000095700000)
 Metaspace       used 13194K, capacity 13672K, committed 13824K, reserved 1060864K
  class space    used 1832K, capacity 1988K, committed 2048K, reserved 1048576K
}
Event: 2.363 GC heap before
{Heap before GC invocations=2 (full 0):
 PSYoungGen      total 33280K, used 19510K [0x00000000daf00000, 0x00000000dd400000, 0x0000000100000000)
  eden space 28672K, 52% used [0x00000000daf00000,0x00000000dbd95b18,0x00000000dcb00000)
  from space 4608K, 99% used [0x00000000dcb00000,0x00000000dcf78030,0x00000000dcf80000)
  to   space 4608K, 0% used [0x00000000dcf80000,0x00000000dcf80000,0x00000000dd400000)
 ParOldGen       total 76800K, used 1430K [0x0000000090c00000, 0x0000000095700000, 0x00000000daf00000)
  object space 76800K, 1% used [0x0000000090c00000,0x0000000090d65b80,0x0000000095700000)
 Metaspace       used 20418K, capacity 21184K, committed 21296K, reserved 1067008K
  class space    used 2994K, capacity 3198K, committed 3200K, reserved 1048576K
Event: 2.370 GC heap after
Heap after GC invocations=2 (full 0):
 PSYoungGen      total 33280K, used 4604K [0x00000000daf00000, 0x00000000dd400000, 0x0000000100000000)
  eden space 28672K, 0% used [0x00000000daf00000,0x00000000daf00000,0x00000000dcb00000)
  from space 4608K, 99% used [0x00000000dcf80000,0x00000000dd3ff080,0x00000000dd400000)
  to   space 4608K, 0% used [0x00000000dcb00000,0x00000000dcb00000,0x00000000dcf80000)
 ParOldGen       total 76800K, used 4456K [0x0000000090c00000, 0x0000000095700000, 0x00000000daf00000)
  object space 76800K, 5% used [0x0000000090c00000,0x000000009105a2e8,0x0000000095700000)
 Metaspace       used 20418K, capacity 21184K, committed 21296K, reserved 1067008K
  class space    used 2994K, capacity 3198K, committed 3200K, reserved 1048576K
}
Event: 2.370 GC heap before
{Heap before GC invocations=3 (full 1):
 PSYoungGen      total 33280K, used 4604K [0x00000000daf00000, 0x00000000dd400000, 0x0000000100000000)
  eden space 28672K, 0% used [0x00000000daf00000,0x00000000daf00000,0x00000000dcb00000)
  from space 4608K, 99% used [0x00000000dcf80000,0x00000000dd3ff080,0x00000000dd400000)
  to   space 4608K, 0% used [0x00000000dcb00000,0x00000000dcb00000,0x00000000dcf80000)
 ParOldGen       total 76800K, used 4456K [0x0000000090c00000, 0x0000000095700000, 0x00000000daf00000)
  object space 76800K, 5% used [0x0000000090c00000,0x000000009105a2e8,0x0000000095700000)
 Metaspace       used 20418K, capacity 21184K, committed 21296K, reserved 1067008K
  class space    used 2994K, capacity 3198K, committed 3200K, reserved 1048576K
Event: 2.439 GC heap after
Heap after GC invocations=3 (full 1):
 PSYoungGen      total 33280K, used 0K [0x00000000daf00000, 0x00000000dd400000, 0x0000000100000000)
  eden space 28672K, 0% used [0x00000000daf00000,0x00000000daf00000,0x00000000dcb00000)
  from space 4608K, 0% used [0x00000000dcf80000,0x00000000dcf80000,0x00000000dd400000)
  to   space 4608K, 0% used [0x00000000dcb00000,0x00000000dcb00000,0x00000000dcf80000)
 ParOldGen       total 65536K, used 8700K [0x0000000090c00000, 0x0000000094c00000, 0x00000000daf00000)
  object space 65536K, 13% used [0x0000000090c00000,0x000000009147f2b0,0x0000000094c00000)
 Metaspace       used 20418K, capacity 21184K, committed 21296K, reserved 1067008K
  class space    used 2994K, capacity 3198K, committed 3200K, reserved 1048576K
}

Deoptimization events (10 events):
Event: 2.469 Thread 0x000000001a67d800 Uncommon trap: reason=class_check action=maybe_recompile pc=0x00000000037b4970 method=java.io.FilterInputStream.read()I @ 4
Event: 2.514 Thread 0x000000001a67d800 Uncommon trap: reason=predicate action=maybe_recompile pc=0x00000000036bddf0 method=sun.net.www.ParseUtil.encodePath(Ljava/lang/String;Z)Ljava/lang/String; @ 36
Event: 2.521 Thread 0x000000001a67d800 Uncommon trap: reason=unstable_if action=reinterpret pc=0x000000000378db3c method=java.lang.CharacterDataLatin1.isWhitespace(I)Z @ 14
Event: 2.530 Thread 0x000000001a67d800 Uncommon trap: reason=bimorphic action=maybe_recompile pc=0x00000000037707e0 method=java.util.HashMap.putVal(ILjava/lang/Object;Ljava/lang/Object;ZZ)Ljava/lang/Object; @ 203
Event: 2.538 Thread 0x000000001a67d800 Uncommon trap: reason=bimorphic action=maybe_recompile pc=0x00000000037707e0 method=java.util.HashMap.putVal(ILjava/lang/Object;Ljava/lang/Object;ZZ)Ljava/lang/Object; @ 203
Event: 2.544 Thread 0x000000001a67d800 Uncommon trap: reason=bimorphic action=maybe_recompile pc=0x00000000037707e0 method=java.util.HashMap.putVal(ILjava/lang/Object;Ljava/lang/Object;ZZ)Ljava/lang/Object; @ 203
Event: 2.631 Thread 0x000000001a67d800 Uncommon trap: reason=class_check action=maybe_recompile pc=0x0000000003718810 method=javafx.scene.Node.updateLocalToParentTransform()V @ 11
Event: 2.631 Thread 0x000000001a67d800 Uncommon trap: reason=class_check action=maybe_recompile pc=0x0000000003718810 method=javafx.scene.Node.updateLocalToParentTransform()V @ 11
Event: 2.632 Thread 0x000000001a67d800 Uncommon trap: reason=class_check action=maybe_recompile pc=0x0000000003718810 method=javafx.scene.Node.updateLocalToParentTransform()V @ 11
Event: 2.632 Thread 0x000000001a67d800 Uncommon trap: reason=class_check action=maybe_recompile pc=0x0000000003718810 method=javafx.scene.Node.updateLocalToParentTransform()V @ 11

Classes redefined (0 events):
No events

Internal exceptions (10 events):
Event: 2.163 Thread 0x000000001a67d800 Exception <a 'java/lang/ClassNotFoundException': com/sun/org/glassfish/hk2/osgiresourcelocator/ServiceLoader> (0x00000000db9c8f90) thrown at [C:\re\workspace\8-2-build-windows-amd64-cygwin\jdk8u201\12322\hotspot\src\share\vm\classfile\systemDictionary.cpp
Event: 2.185 Thread 0x000000001a67d800 Exception <a 'java/io/FileNotFoundException'> (0x00000000db9ee410) thrown at [C:\re\workspace\8-2-build-windows-amd64-cygwin\jdk8u201\12322\hotspot\src\share\vm\prims\jni.cpp, line 709]
Event: 2.293 Thread 0x000000001a67d800 Exception <a 'java/lang/NullPointerException'> (0x00000000dbb822d0) thrown at [C:\re\workspace\8-2-build-windows-amd64-cygwin\jdk8u201\12322\hotspot\src\share\vm\interpreter\linkResolver.cpp, line 1287]
Event: 2.336 Thread 0x000000001a67d800 Exception <a 'java/lang/ArrayIndexOutOfBoundsException': 106> (0x00000000dbc24320) thrown at [C:\re\workspace\8-2-build-windows-amd64-cygwin\jdk8u201\12322\hotspot\src\share\vm\interpreter\interpreterRuntime.cpp, line 368]
Event: 2.337 Thread 0x000000001a67d800 Exception <a 'java/lang/ArrayIndexOutOfBoundsException': 62> (0x00000000dbc25848) thrown at [C:\re\workspace\8-2-build-windows-amd64-cygwin\jdk8u201\12322\hotspot\src\share\vm\interpreter\interpreterRuntime.cpp, line 368]
Event: 2.338 Thread 0x000000001a67d800 Exception <a 'java/lang/ArrayIndexOutOfBoundsException': 106> (0x00000000dbc27e98) thrown at [C:\re\workspace\8-2-build-windows-amd64-cygwin\jdk8u201\12322\hotspot\src\share\vm\interpreter\interpreterRuntime.cpp, line 368]
Event: 2.520 Thread 0x000000001a67d800 Exception <a 'java/io/FileNotFoundException'> (0x00000000db0e01c0) thrown at [C:\re\workspace\8-2-build-windows-amd64-cygwin\jdk8u201\12322\hotspot\src\share\vm\prims\jni.cpp, line 709]
Event: 2.520 Thread 0x000000001a67d800 Exception <a 'java/io/FileNotFoundException'> (0x00000000db0e0fd8) thrown at [C:\re\workspace\8-2-build-windows-amd64-cygwin\jdk8u201\12322\hotspot\src\share\vm\prims\jni.cpp, line 709]
Event: 2.526 Thread 0x000000001a67d800 Exception <a 'java/lang/ClassNotFoundException': com/sun/org/glassfish/hk2/osgiresourcelocator/ServiceLoader> (0x00000000db125cd0) thrown at [C:\re\workspace\8-2-build-windows-amd64-cygwin\jdk8u201\12322\hotspot\src\share\vm\classfile\systemDictionary.cpp
Event: 2.566 Thread 0x000000001a67d800 Exception <a 'java/lang/ClassNotFoundException': javax/servlet/ServletContext> (0x00000000db25b680) thrown at [C:\re\workspace\8-2-build-windows-amd64-cygwin\jdk8u201\12322\hotspot\src\share\vm\classfile\systemDictionary.cpp, line 210]

Events (10 events):
Event: 2.631 Thread 0x000000001a67d800 DEOPT UNPACKING pc=0x00000000032b583b sp=0x000000001bb3c170 mode 2
Event: 2.631 Thread 0x000000001a67d800 Uncommon trap: trap_request=0xffffffde fr.pc=0x0000000003718810
Event: 2.631 Thread 0x000000001a67d800 DEOPT PACKING pc=0x0000000003718810 sp=0x000000001bb3bba0
Event: 2.632 Thread 0x000000001a67d800 DEOPT UNPACKING pc=0x00000000032b583b sp=0x000000001bb3bb50 mode 2
Event: 2.632 Thread 0x000000001a67d800 Uncommon trap: trap_request=0xffffffde fr.pc=0x0000000003718810
Event: 2.632 Thread 0x000000001a67d800 DEOPT PACKING pc=0x0000000003718810 sp=0x000000001bb3b580
Event: 2.632 Thread 0x000000001a67d800 DEOPT UNPACKING pc=0x00000000032b583b sp=0x000000001bb3b530 mode 2
Event: 2.632 Thread 0x000000001a67d800 Uncommon trap: trap_request=0xffffffde fr.pc=0x0000000003718810
Event: 2.632 Thread 0x000000001a67d800 DEOPT PACKING pc=0x0000000003718810 sp=0x000000001bb3af60
Event: 2.632 Thread 0x000000001a67d800 DEOPT UNPACKING pc=0x00000000032b583b sp=0x000000001bb3af10 mode 2


Dynamic libraries:
0x00007ff63d430000 - 0x00007ff63d467000 	C:\Program Files\Java\jdk1.8.0_201\jre\bin\java.exe
0x00007ff860c00000 - 0x00007ff860ded000 	C:\Windows\SYSTEM32\ntdll.dll
0x00007ff85e540000 - 0x00007ff85e5f3000 	C:\Windows\System32\KERNEL32.DLL
0x00007ff85ce60000 - 0x00007ff85d0f3000 	C:\Windows\System32\KERNELBASE.dll
0x00007ff85e790000 - 0x00007ff85e833000 	C:\Windows\System32\ADVAPI32.dll
0x00007ff85e040000 - 0x00007ff85e0de000 	C:\Windows\System32\msvcrt.dll
0x00007ff85e840000 - 0x00007ff85e8de000 	C:\Windows\System32\sechost.dll
0x00007ff85e600000 - 0x00007ff85e722000 	C:\Windows\System32\RPCRT4.dll
0x00007ff85de20000 - 0x00007ff85dfb7000 	C:\Windows\System32\USER32.dll
0x00007ff85ccc0000 - 0x00007ff85cce0000 	C:\Windows\System32\win32u.dll
0x00007ff85f0b0000 - 0x00007ff85f0d9000 	C:\Windows\System32\GDI32.dll
0x00007ff85da50000 - 0x00007ff85dbe9000 	C:\Windows\System32\gdi32full.dll
0x00007ff85d130000 - 0x00007ff85d1d0000 	C:\Windows\System32\msvcp_win.dll
0x00007ff85cd60000 - 0x00007ff85ce5a000 	C:\Windows\System32\ucrtbase.dll
0x00007ff84be50000 - 0x00007ff84c0c9000 	C:\Windows\WinSxS\amd64_microsoft.windows.common-controls_6595b64144ccf1df_6.0.17763.737_none_05b6437c071e554b\COMCTL32.dll
0x00007ff85f1c0000 - 0x00007ff85f4ec000 	C:\Windows\System32\combase.dll
0x00007ff85d1d0000 - 0x00007ff85d24e000 	C:\Windows\System32\bcryptPrimitives.dll
0x00007ff85e2b0000 - 0x00007ff85e2de000 	C:\Windows\System32\IMM32.DLL
0x0000000076180000 - 0x0000000076251000 	C:\Program Files\Java\jdk1.8.0_201\jre\bin\msvcr100.dll
0x0000000076260000 - 0x0000000076b04000 	C:\Program Files\Java\jdk1.8.0_201\jre\bin\server\jvm.dll
0x00007ff85e0f0000 - 0x00007ff85e0f8000 	C:\Windows\System32\PSAPI.DLL
0x00007ff85af50000 - 0x00007ff85af59000 	C:\Windows\SYSTEM32\WSOCK32.dll
0x00007ff857f70000 - 0x00007ff857f7a000 	C:\Windows\SYSTEM32\VERSION.dll
0x00007ff85ae60000 - 0x00007ff85ae84000 	C:\Windows\SYSTEM32\WINMM.dll
0x00007ff85ea40000 - 0x00007ff85eaad000 	C:\Windows\System32\WS2_32.dll
0x00007ff85ad10000 - 0x00007ff85ad3d000 	C:\Windows\SYSTEM32\winmmbase.dll
0x00007ff85dbf0000 - 0x00007ff85dc3a000 	C:\Windows\System32\cfgmgr32.dll
0x00007ff85af40000 - 0x00007ff85af4f000 	C:\Program Files\Java\jdk1.8.0_201\jre\bin\verify.dll
0x00007ff84cdc0000 - 0x00007ff84cde9000 	C:\Program Files\Java\jdk1.8.0_201\jre\bin\java.dll
0x00007ff84cc30000 - 0x00007ff84cc46000 	C:\Program Files\Java\jdk1.8.0_201\jre\bin\zip.dll
0x00007ff85f6d0000 - 0x00007ff860bc2000 	C:\Windows\System32\SHELL32.dll
0x00007ff85e2e0000 - 0x00007ff85e388000 	C:\Windows\System32\shcore.dll
0x00007ff85d300000 - 0x00007ff85da4a000 	C:\Windows\System32\windows.storage.dll
0x00007ff85cc90000 - 0x00007ff85ccb4000 	C:\Windows\System32\profapi.dll
0x00007ff85cc30000 - 0x00007ff85cc8d000 	C:\Windows\System32\powrprof.dll
0x00007ff85f100000 - 0x00007ff85f152000 	C:\Windows\System32\shlwapi.dll
0x00007ff85cbf0000 - 0x00007ff85cc01000 	C:\Windows\System32\kernel.appcore.dll
0x00007ff85cce0000 - 0x00007ff85ccf7000 	C:\Windows\System32\cryptsp.dll
0x000000001ae00000 - 0x000000001ae03000 	C:\Program Files\Java\jdk1.8.0_201\jre\bin\api-ms-win-core-console-l1-1-0.dll
0x000000001ae10000 - 0x000000001ae13000 	C:\Program Files\Java\jdk1.8.0_201\jre\bin\api-ms-win-core-datetime-l1-1-0.dll
0x000000001ae20000 - 0x000000001ae23000 	C:\Program Files\Java\jdk1.8.0_201\jre\bin\api-ms-win-core-debug-l1-1-0.dll
0x000000001ae30000 - 0x000000001ae33000 	C:\Program Files\Java\jdk1.8.0_201\jre\bin\api-ms-win-core-errorhandling-l1-1-0.dll
0x000000001ae40000 - 0x000000001ae44000 	C:\Program Files\Java\jdk1.8.0_201\jre\bin\api-ms-win-core-file-l1-1-0.dll
0x000000001ae50000 - 0x000000001ae53000 	C:\Program Files\Java\jdk1.8.0_201\jre\bin\api-ms-win-core-file-l1-2-0.dll
0x000000001ae60000 - 0x000000001ae63000 	C:\Program Files\Java\jdk1.8.0_201\jre\bin\api-ms-win-core-file-l2-1-0.dll
0x000000001ae70000 - 0x000000001ae73000 	C:\Program Files\Java\jdk1.8.0_201\jre\bin\api-ms-win-core-handle-l1-1-0.dll
0x000000001ae80000 - 0x000000001ae83000 	C:\Program Files\Java\jdk1.8.0_201\jre\bin\api-ms-win-core-heap-l1-1-0.dll
0x000000001ae90000 - 0x000000001ae93000 	C:\Program Files\Java\jdk1.8.0_201\jre\bin\api-ms-win-core-interlocked-l1-1-0.dll
0x000000001aea0000 - 0x000000001aea3000 	C:\Program Files\Java\jdk1.8.0_201\jre\bin\api-ms-win-core-libraryloader-l1-1-0.dll
0x000000001aeb0000 - 0x000000001aeb3000 	C:\Program Files\Java\jdk1.8.0_201\jre\bin\api-ms-win-core-localization-l1-2-0.dll
0x000000001aec0000 - 0x000000001aec3000 	C:\Program Files\Java\jdk1.8.0_201\jre\bin\api-ms-win-core-memory-l1-1-0.dll
0x000000001aed0000 - 0x000000001aed3000 	C:\Program Files\Java\jdk1.8.0_201\jre\bin\api-ms-win-core-namedpipe-l1-1-0.dll
0x000000001aee0000 - 0x000000001aee3000 	C:\Program Files\Java\jdk1.8.0_201\jre\bin\api-ms-win-core-processenvironment-l1-1-0.dll
0x000000001aef0000 - 0x000000001aef3000 	C:\Program Files\Java\jdk1.8.0_201\jre\bin\api-ms-win-core-processthreads-l1-1-0.dll
0x000000001af00000 - 0x000000001af03000 	C:\Program Files\Java\jdk1.8.0_201\jre\bin\api-ms-win-core-processthreads-l1-1-1.dll
0x000000001af10000 - 0x000000001af13000 	C:\Program Files\Java\jdk1.8.0_201\jre\bin\api-ms-win-core-profile-l1-1-0.dll
0x000000001af20000 - 0x000000001af23000 	C:\Program Files\Java\jdk1.8.0_201\jre\bin\api-ms-win-core-rtlsupport-l1-1-0.dll
0x000000001af30000 - 0x000000001af33000 	C:\Program Files\Java\jdk1.8.0_201\jre\bin\api-ms-win-core-string-l1-1-0.dll
0x000000001af40000 - 0x000000001af43000 	C:\Program Files\Java\jdk1.8.0_201\jre\bin\api-ms-win-core-synch-l1-1-0.dll
0x000000001af50000 - 0x000000001af53000 	C:\Program Files\Java\jdk1.8.0_201\jre\bin\api-ms-win-core-synch-l1-2-0.dll
0x000000001af60000 - 0x000000001af63000 	C:\Program Files\Java\jdk1.8.0_201\jre\bin\api-ms-win-core-sysinfo-l1-1-0.dll
0x000000001af70000 - 0x000000001af73000 	C:\Program Files\Java\jdk1.8.0_201\jre\bin\api-ms-win-core-timezone-l1-1-0.dll
0x000000001af80000 - 0x000000001af83000 	C:\Program Files\Java\jdk1.8.0_201\jre\bin\api-ms-win-core-util-l1-1-0.dll
0x000000001af90000 - 0x000000001af93000 	C:\Program Files\Java\jdk1.8.0_201\jre\bin\api-ms-win-crt-conio-l1-1-0.dll
0x000000001afa0000 - 0x000000001afa4000 	C:\Program Files\Java\jdk1.8.0_201\jre\bin\api-ms-win-crt-convert-l1-1-0.dll
0x000000001afb0000 - 0x000000001afb3000 	C:\Program Files\Java\jdk1.8.0_201\jre\bin\api-ms-win-crt-environment-l1-1-0.dll
0x000000001afc0000 - 0x000000001afc3000 	C:\Program Files\Java\jdk1.8.0_201\jre\bin\api-ms-win-crt-filesystem-l1-1-0.dll
0x000000001afd0000 - 0x000000001afd3000 	C:\Program Files\Java\jdk1.8.0_201\jre\bin\api-ms-win-crt-heap-l1-1-0.dll
0x000000001afe0000 - 0x000000001afe3000 	C:\Program Files\Java\jdk1.8.0_201\jre\bin\api-ms-win-crt-locale-l1-1-0.dll
0x000000001aff0000 - 0x000000001aff5000 	C:\Program Files\Java\jdk1.8.0_201\jre\bin\api-ms-win-crt-math-l1-1-0.dll
0x000000001b000000 - 0x000000001b005000 	C:\Program Files\Java\jdk1.8.0_201\jre\bin\api-ms-win-crt-multibyte-l1-1-0.dll
0x000000001b010000 - 0x000000001b020000 	C:\Program Files\Java\jdk1.8.0_201\jre\bin\api-ms-win-crt-private-l1-1-0.dll
0x000000001b020000 - 0x000000001b023000 	C:\Program Files\Java\jdk1.8.0_201\jre\bin\api-ms-win-crt-process-l1-1-0.dll
0x000000001b030000 - 0x000000001b034000 	C:\Program Files\Java\jdk1.8.0_201\jre\bin\api-ms-win-crt-runtime-l1-1-0.dll
0x000000001b040000 - 0x000000001b044000 	C:\Program Files\Java\jdk1.8.0_201\jre\bin\api-ms-win-crt-stdio-l1-1-0.dll
0x000000001b050000 - 0x000000001b054000 	C:\Program Files\Java\jdk1.8.0_201\jre\bin\api-ms-win-crt-string-l1-1-0.dll
0x000000001b060000 - 0x000000001b063000 	C:\Program Files\Java\jdk1.8.0_201\jre\bin\api-ms-win-crt-time-l1-1-0.dll
0x000000001b070000 - 0x000000001b073000 	C:\Program Files\Java\jdk1.8.0_201\jre\bin\api-ms-win-crt-utility-l1-1-0.dll
0x00007ff81ca80000 - 0x00007ff81cb76000 	C:\Program Files\Java\jdk1.8.0_201\jre\bin\ucrtbase.dll
0x00007ff84c880000 - 0x00007ff84c896000 	C:\Program Files\Java\jdk1.8.0_201\jre\bin\vcruntime140.dll
0x00007ff81de40000 - 0x00007ff81dedc000 	C:\Program Files\Java\jdk1.8.0_201\jre\bin\msvcp140.dll
0x00007ff8489c0000 - 0x00007ff848a11000 	C:\Program Files\Java\jdk1.8.0_201\jre\bin\concrt140.dll
0x00007ff84c570000 - 0x00007ff84c593000 	C:\Program Files\Java\jdk1.8.0_201\jre\bin\prism_d3d.dll
0x00007ff832a90000 - 0x00007ff832c2e000 	C:\Windows\system32\d3d9.dll
0x00007ff85b4c0000 - 0x00007ff85b4ee000 	C:\Windows\SYSTEM32\dwmapi.dll
0x00007ff85dc40000 - 0x00007ff85de1b000 	C:\Windows\System32\CRYPT32.dll
0x00007ff85cc10000 - 0x00007ff85cc22000 	C:\Windows\System32\MSASN1.dll
0x00007ff85b1e0000 - 0x00007ff85b27c000 	C:\Windows\system32\uxtheme.dll
0x00007ff856fe0000 - 0x00007ff8571bc000 	C:\Windows\System32\DriverStore\FileRepository\u0340461.inf_amd64_c6db5d91b1f3fdf9\B340443\aticfx64.dll
0x00007ff849d40000 - 0x00007ff849d71000 	C:\Windows\System32\DriverStore\FileRepository\u0340461.inf_amd64_c6db5d91b1f3fdf9\B340443\atiu9p64.dll
0x00007ff80b600000 - 0x00007ff80c346000 	C:\Windows\System32\DriverStore\FileRepository\u0340461.inf_amd64_c6db5d91b1f3fdf9\B340443\atiumd64.dll
0x00007ff85e8e0000 - 0x00007ff85ea35000 	C:\Windows\System32\ole32.dll
0x0000000076d80000 - 0x0000000077a78000 	C:\Windows\System32\DriverStore\FileRepository\u0340461.inf_amd64_c6db5d91b1f3fdf9\B340443\atiumd6a.dll
0x00007ff855b20000 - 0x00007ff855b4b000 	C:\Windows\SYSTEM32\amdihk64.dll
0x00007ff846470000 - 0x00007ff8464b9000 	C:\Program Files\Java\jdk1.8.0_201\jre\bin\glass.dll
0x00007ff85e100000 - 0x00007ff85e227000 	C:\Windows\System32\COMDLG32.dll
0x00007ff85f600000 - 0x00007ff85f6c4000 	C:\Windows\System32\OLEAUT32.dll
0x00007ff85eab0000 - 0x00007ff85ec1b000 	C:\Windows\System32\MSCTF.dll
0x00007ff84c860000 - 0x00007ff84c874000 	C:\Program Files\Java\jdk1.8.0_201\jre\bin\javafx_font.dll
0x00007ff84dfe0000 - 0x00007ff84e2dc000 	C:\Windows\SYSTEM32\dwrite.dll
0x00007ff85f550000 - 0x00007ff85f5f2000 	C:\Windows\System32\clbcatq.dll
0x00007ff857b50000 - 0x00007ff857d08000 	C:\Windows\SYSTEM32\WindowsCodecs.dll
0x00007ff844a50000 - 0x00007ff844aa6000 	C:\Windows\system32\dataexchange.dll
0x00007ff85a6c0000 - 0x00007ff85a883000 	C:\Windows\system32\dcomp.dll
0x00007ff85a440000 - 0x00007ff85a6be000 	C:\Windows\system32\d3d11.dll
0x00007ff85b920000 - 0x00007ff85b9e2000 	C:\Windows\system32\dxgi.dll
0x00007ff85b2b0000 - 0x00007ff85b4bd000 	C:\Windows\system32\twinapi.appcore.dll
0x00007ff85b4f0000 - 0x00007ff85b518000 	C:\Windows\system32\RMCLIENT.dll
0x00007ff844b30000 - 0x00007ff844b63000 	C:\Program Files\Common Files\Microsoft Shared\Ink\rtscom.dll
0x00007ff8521c0000 - 0x00007ff852255000 	C:\Windows\System32\TextInputFramework.dll
0x00007ff8581d0000 - 0x00007ff8584f2000 	C:\Windows\System32\CoreUIComponents.dll
0x00007ff85ac20000 - 0x00007ff85ad02000 	C:\Windows\System32\CoreMessaging.dll
0x00007ff85bc90000 - 0x00007ff85bcc1000 	C:\Windows\SYSTEM32\ntmarta.dll
0x00007ff858b10000 - 0x00007ff858c63000 	C:\Windows\SYSTEM32\wintypes.dll
0x00007ff84b1d0000 - 0x00007ff84b1e2000 	C:\Program Files\Java\jdk1.8.0_201\jre\bin\prism_common.dll

VM Arguments:
jvm_args: -Dfile.encoding=UTF-8 
java_command: C:\Users\Bran\Documents\GitHub\AdmProyectos\dist\run2065006931\AdministracionProyecto.jar
java_class_path (initial): C:\Users\Bran\Documents\GitHub\AdmProyectos\dist\run2065006931\AdministracionProyecto.jar
Launcher Type: SUN_STANDARD

Environment Variables:
PATH=C:\oraclexe\app\oracle\product\11.2.0\server\bin;;C:\Program Files (x86)\Common Files\Oracle\Java\javapath;C:\Windows\system32;C:\Windows;C:\Windows\System32\Wbem;C:\Windows\System32\WindowsPowerShell\v1.0\;C:\Windows\System32\OpenSSH\;C:\Program Files\Microsoft SQL Server\130\Tools\Binn\;C:\Users\Bran\AppData\Local\Microsoft\WindowsApps;C:\Program Files\JetBrains\PyCharm Community Edition 2019.1.2\bin;C:\Users\Bran\AppData\Local\GitHubDesktop\bin
USERNAME=Bran
OS=Windows_NT
PROCESSOR_IDENTIFIER=AMD64 Family 23 Model 17 Stepping 0, AuthenticAMD



---------------  S Y S T E M  ---------------

OS: Windows 10.0 , 64 bit Build 17763 (10.0.17763.475)

CPU:total 8 (initial active 8) (8 cores per cpu, 1 threads per core) family 23 model 17 stepping 0, cmov, cx8, fxsr, mmx, sse, sse2, sse3, ssse3, sse4.1, sse4.2, popcnt, avx, avx2, aes, clmul, mmxext, 3dnowpref, lzcnt, sse4a, tsc, tscinvbit, tscinv, bmi1

Memory: 4k page, physical 7282996k(1078140k free), swap 9744516k(5124k free)

vm_info: Java HotSpot(TM) 64-Bit Server VM (25.201-b09) for windows-amd64 JRE (1.8.0_201-b09), built on Dec 15 2018 18:36:39 by "java_re" with MS VC++ 10.0 (VS2010)

time: Sat Sep 21 01:11:19 2019
timezone: Hora estándar, América Central
elapsed time: 2 seconds (0d 0h 0m 2s)

