#
# There is insufficient memory for the Java Runtime Environment to continue.
# Native memory allocation (malloc) failed to allocate 437616 bytes for Chunk::new
# Possible reasons:
#   The system is out of physical RAM or swap space
#   The process is running with CompressedOops enabled, and the Java Heap may be blocking the growth of the native heap
# Possible solutions:
#   Reduce memory load on the system
#   Increase physical memory or swap space
#   Check if swap backing store is full
#   Decrease Java heap size (-Xmx/-Xms)
#   Decrease number of Java threads
#   Decrease Java thread stack sizes (-Xss)
#   Set larger code cache with -XX:ReservedCodeCacheSize=
#   JVM is running with Unscaled Compressed Oops mode in which the Java heap is
#     placed in the first 4GB address space. The Java Heap base address is the
#     maximum limit for the native heap growth. Please use -XX:HeapBaseMinAddress
#     to set the Java Heap base and to place the Java Heap above 4GB virtual address.
# This output file may be truncated or incomplete.
#
#  Out of Memory Error (allocation.cpp:390), pid=1260, tid=0x0000000000001e04
#
# JRE version: Java(TM) SE Runtime Environment (8.0_201-b09) (build 1.8.0_201-b09)
# Java VM: Java HotSpot(TM) 64-Bit Server VM (25.201-b09 mixed mode windows-amd64 compressed oops)
# Failed to write core dump. Minidumps are not enabled by default on client versions of Windows
#

---------------  T H R E A D  ---------------

Current thread (0x00000000192e2000):  JavaThread "C2 CompilerThread2" daemon [_thread_in_native, id=7684, stack(0x0000000019da0000,0x0000000019ea0000)]

Stack: [0x0000000019da0000,0x0000000019ea0000]
[error occurred during error reporting (printing stack bounds), id 0xc0000005]

Native frames: (J=compiled Java code, j=interpreted, Vv=VM code, C=native code)


Current CompileTask:
C2:   3021 1923   !   4       com.sun.javafx.css.parser.CSSLexer::getToken (1341 bytes)


---------------  P R O C E S S  ---------------

Java Threads: ( => current thread )
  0x000000001a6ea000 JavaThread "Prism Font Disposer" daemon [_thread_blocked, id=2472, stack(0x0000000022a50000,0x0000000022b50000)]
  0x000000001a2bf800 JavaThread "Thread-3" daemon [_thread_in_native, id=6896, stack(0x00000000205d0000,0x00000000206d0000)]
  0x000000001a2da800 JavaThread "JavaFX-Launcher" [_thread_blocked, id=3476, stack(0x00000000206d0000,0x00000000207d0000)]
  0x000000001a295800 JavaThread "JavaFX Application Thread" [_thread_blocked, id=1204, stack(0x000000001b640000,0x000000001b740000)]
  0x000000001a244800 JavaThread "Thread-1" daemon [_thread_blocked, id=9652, stack(0x000000001b540000,0x000000001b640000)]
  0x000000001a21f800 JavaThread "QuantumRenderer-0" daemon [_thread_in_Java, id=11828, stack(0x000000001ac10000,0x000000001ad10000)]
  0x0000000019371000 JavaThread "Service Thread" daemon [_thread_blocked, id=3792, stack(0x0000000019fa0000,0x000000001a0a0000)]
  0x00000000192eb000 JavaThread "C1 CompilerThread3" daemon [_thread_in_native, id=944, stack(0x0000000019ea0000,0x0000000019fa0000)]
=>0x00000000192e2000 JavaThread "C2 CompilerThread2" daemon [_thread_in_native, id=7684, stack(0x0000000019da0000,0x0000000019ea0000)]
  0x00000000192d8800 JavaThread "C2 CompilerThread1" daemon [_thread_in_native, id=2976, stack(0x0000000019ca0000,0x0000000019da0000)]
  0x00000000192d2800 JavaThread "C2 CompilerThread0" daemon [_thread_in_native, id=724, stack(0x0000000019ba0000,0x0000000019ca0000)]
  0x00000000192d1800 JavaThread "Attach Listener" daemon [_thread_blocked, id=4576, stack(0x0000000019aa0000,0x0000000019ba0000)]
  0x00000000192cf000 JavaThread "Signal Dispatcher" daemon [_thread_blocked, id=10300, stack(0x00000000199a0000,0x0000000019aa0000)]
  0x0000000002e1c800 JavaThread "Finalizer" daemon [_thread_blocked, id=8312, stack(0x00000000197a0000,0x00000000198a0000)]
  0x00000000192c0800 JavaThread "Reference Handler" daemon [_thread_blocked, id=10212, stack(0x00000000196a0000,0x00000000197a0000)]
  0x0000000002bde000 JavaThread "main" [_thread_blocked, id=12012, stack(0x0000000002c20000,0x0000000002d20000)]

Other Threads:
  0x00000000174c9800 VMThread [stack: 0x00000000191a0000,0x00000000192a0000] [id=5704]
  0x0000000019321800 WatcherThread [stack: 0x000000001a0a0000,0x000000001a1a0000] [id=4844]

VM state:not at safepoint (normal execution)

VM Mutex/Monitor currently owned by a thread: None

heap address: 0x0000000090c00000, size: 1780 MB, Compressed Oops mode: 32-bit
Narrow klass base: 0x0000000000000000, Narrow klass shift: 3
Compressed class space size: 1073741824 Address: 0x0000000100000000

Heap:
 PSYoungGen      total 33280K, used 10051K [0x00000000daf00000, 0x00000000dd400000, 0x0000000100000000)
  eden space 28672K, 35% used [0x00000000daf00000,0x00000000db8d0fc8,0x00000000dcb00000)
  from space 4608K, 0% used [0x00000000dcf80000,0x00000000dcf80000,0x00000000dd400000)
  to   space 4608K, 0% used [0x00000000dcb00000,0x00000000dcb00000,0x00000000dcf80000)
 ParOldGen       total 62976K, used 8625K [0x0000000090c00000, 0x0000000094980000, 0x00000000daf00000)
  object space 62976K, 13% used [0x0000000090c00000,0x000000009146c568,0x0000000094980000)
 Metaspace       used 22665K, capacity 23480K, committed 23808K, reserved 1069056K
  class space    used 3302K, capacity 3516K, committed 3584K, reserved 1048576K

Card table byte_map: [0x00000000121e0000,0x0000000012560000] byte_map_base: 0x0000000011d5a000

Marking Bits: (ParMarkBitMap*) 0x0000000076a84ce0
 Begin Bits: [0x0000000012fc0000, 0x0000000014b90000)
 End Bits:   [0x0000000014b90000, 0x0000000016760000)

Polling page: 0x0000000000d00000

CodeCache: size=245760Kb used=6607Kb max_used=6607Kb free=239152Kb
 bounds [0x0000000002e20000, 0x00000000034a0000, 0x0000000011e20000]
 total_blobs=2789 nmethods=2124 adapters=578
 compilation: enabled

Compilation events (10 events):
Event: 3.006 Thread 0x00000000192eb000 nmethod 2119 0x0000000003488a10 code [0x0000000003488c80, 0x000000000348a368]
Event: 3.006 Thread 0x00000000192eb000 2120       3       javafx.scene.layout.Region::getPadding (11 bytes)
Event: 3.006 Thread 0x00000000192eb000 nmethod 2120 0x000000000348ab10 code [0x000000000348ac80, 0x000000000348af88]
Event: 3.006 Thread 0x00000000192eb000 2124       3       javafx.scene.CssStyleHelper::canReuseStyleHelper (198 bytes)
Event: 3.008 Thread 0x00000000192eb000 nmethod 2124 0x000000000348b050 code [0x000000000348b260, 0x000000000348bf08]
Event: 3.008 Thread 0x00000000192eb000 2125       3       javafx.scene.layout.Region::getWidth (22 bytes)
Event: 3.009 Thread 0x00000000192eb000 nmethod 2125 0x000000000348c4d0 code [0x000000000348c640, 0x000000000348ca08]
Event: 3.009 Thread 0x00000000192eb000 2126       3       javafx.beans.binding.BooleanExpression::getValue (8 bytes)
Event: 3.009 Thread 0x00000000192eb000 nmethod 2126 0x000000000348cb50 code [0x000000000348ccc0, 0x000000000348cf88]
Event: 3.009 Thread 0x00000000192eb000 2128       2       javafx.scene.Node::updateLocalToParentTransform (442 bytes)

GC Heap History (6 events):
Event: 0.890 GC heap before
{Heap before GC invocations=1 (full 0):
 PSYoungGen      total 33280K, used 28672K [0x00000000daf00000, 0x00000000dd400000, 0x0000000100000000)
  eden space 28672K, 100% used [0x00000000daf00000,0x00000000dcb00000,0x00000000dcb00000)
  from space 4608K, 0% used [0x00000000dcf80000,0x00000000dcf80000,0x00000000dd400000)
  to   space 4608K, 0% used [0x00000000dcb00000,0x00000000dcb00000,0x00000000dcf80000)
 ParOldGen       total 76800K, used 0K [0x0000000090c00000, 0x0000000095700000, 0x00000000daf00000)
  object space 76800K, 0% used [0x0000000090c00000,0x0000000090c00000,0x0000000095700000)
 Metaspace       used 13197K, capacity 13672K, committed 13824K, reserved 1060864K
  class space    used 1830K, capacity 1988K, committed 2048K, reserved 1048576K
Event: 0.895 GC heap after
Heap after GC invocations=1 (full 0):
 PSYoungGen      total 33280K, used 4576K [0x00000000daf00000, 0x00000000dd400000, 0x0000000100000000)
  eden space 28672K, 0% used [0x00000000daf00000,0x00000000daf00000,0x00000000dcb00000)
  from space 4608K, 99% used [0x00000000dcb00000,0x00000000dcf78040,0x00000000dcf80000)
  to   space 4608K, 0% used [0x00000000dcf80000,0x00000000dcf80000,0x00000000dd400000)
 ParOldGen       total 76800K, used 1410K [0x0000000090c00000, 0x0000000095700000, 0x00000000daf00000)
  object space 76800K, 1% used [0x0000000090c00000,0x0000000090d60b80,0x0000000095700000)
 Metaspace       used 13197K, capacity 13672K, committed 13824K, reserved 1060864K
  class space    used 1830K, capacity 1988K, committed 2048K, reserved 1048576K
}
Event: 2.468 GC heap before
{Heap before GC invocations=2 (full 0):
 PSYoungGen      total 33280K, used 19305K [0x00000000daf00000, 0x00000000dd400000, 0x0000000100000000)
  eden space 28672K, 51% used [0x00000000daf00000,0x00000000dbd62570,0x00000000dcb00000)
  from space 4608K, 99% used [0x00000000dcb00000,0x00000000dcf78040,0x00000000dcf80000)
  to   space 4608K, 0% used [0x00000000dcf80000,0x00000000dcf80000,0x00000000dd400000)
 ParOldGen       total 76800K, used 1410K [0x0000000090c00000, 0x0000000095700000, 0x00000000daf00000)
  object space 76800K, 1% used [0x0000000090c00000,0x0000000090d60b80,0x0000000095700000)
 Metaspace       used 20310K, capacity 21084K, committed 21248K, reserved 1067008K
  class space    used 2975K, capacity 3208K, committed 3328K, reserved 1048576K
Event: 2.476 GC heap after
Heap after GC invocations=2 (full 0):
 PSYoungGen      total 33280K, used 4592K [0x00000000daf00000, 0x00000000dd400000, 0x0000000100000000)
  eden space 28672K, 0% used [0x00000000daf00000,0x00000000daf00000,0x00000000dcb00000)
  from space 4608K, 99% used [0x00000000dcf80000,0x00000000dd3fc040,0x00000000dd400000)
  to   space 4608K, 0% used [0x00000000dcb00000,0x00000000dcb00000,0x00000000dcf80000)
 ParOldGen       total 76800K, used 4650K [0x0000000090c00000, 0x0000000095700000, 0x00000000daf00000)
  object space 76800K, 6% used [0x0000000090c00000,0x000000009108aa18,0x0000000095700000)
 Metaspace       used 20310K, capacity 21084K, committed 21248K, reserved 1067008K
  class space    used 2975K, capacity 3208K, committed 3328K, reserved 1048576K
}
Event: 2.476 GC heap before
{Heap before GC invocations=3 (full 1):
 PSYoungGen      total 33280K, used 4592K [0x00000000daf00000, 0x00000000dd400000, 0x0000000100000000)
  eden space 28672K, 0% used [0x00000000daf00000,0x00000000daf00000,0x00000000dcb00000)
  from space 4608K, 99% used [0x00000000dcf80000,0x00000000dd3fc040,0x00000000dd400000)
  to   space 4608K, 0% used [0x00000000dcb00000,0x00000000dcb00000,0x00000000dcf80000)
 ParOldGen       total 76800K, used 4650K [0x0000000090c00000, 0x0000000095700000, 0x00000000daf00000)
  object space 76800K, 6% used [0x0000000090c00000,0x000000009108aa18,0x0000000095700000)
 Metaspace       used 20310K, capacity 21084K, committed 21248K, reserved 1067008K
  class space    used 2975K, capacity 3208K, committed 3328K, reserved 1048576K
Event: 2.514 GC heap after
Heap after GC invocations=3 (full 1):
 PSYoungGen      total 33280K, used 0K [0x00000000daf00000, 0x00000000dd400000, 0x0000000100000000)
  eden space 28672K, 0% used [0x00000000daf00000,0x00000000daf00000,0x00000000dcb00000)
  from space 4608K, 0% used [0x00000000dcf80000,0x00000000dcf80000,0x00000000dd400000)
  to   space 4608K, 0% used [0x00000000dcb00000,0x00000000dcb00000,0x00000000dcf80000)
 ParOldGen       total 62976K, used 8625K [0x0000000090c00000, 0x0000000094980000, 0x00000000daf00000)
  object space 62976K, 13% used [0x0000000090c00000,0x000000009146c568,0x0000000094980000)
 Metaspace       used 20310K, capacity 21084K, committed 21248K, reserved 1067008K
  class space    used 2975K, capacity 3208K, committed 3328K, reserved 1048576K
}

Deoptimization events (10 events):
Event: 2.558 Thread 0x000000001a295800 Uncommon trap: reason=bimorphic action=maybe_recompile pc=0x00000000031839e0 method=java.io.DataInputStream.readShort()S @ 4
Event: 2.559 Thread 0x000000001a295800 Uncommon trap: reason=bimorphic action=maybe_recompile pc=0x00000000031839e0 method=java.io.DataInputStream.readShort()S @ 4
Event: 2.559 Thread 0x000000001a295800 Uncommon trap: reason=bimorphic action=maybe_recompile pc=0x00000000031839e0 method=java.io.DataInputStream.readShort()S @ 4
Event: 2.559 Thread 0x000000001a295800 Uncommon trap: reason=bimorphic action=maybe_recompile pc=0x00000000031839e0 method=java.io.DataInputStream.readShort()S @ 4
Event: 2.668 Thread 0x000000001a295800 Uncommon trap: reason=predicate action=maybe_recompile pc=0x0000000003257ab0 method=sun.net.www.ParseUtil.encodePath(Ljava/lang/String;Z)Ljava/lang/String; @ 36
Event: 2.680 Thread 0x000000001a295800 Uncommon trap: reason=unstable_if action=reinterpret pc=0x00000000033580fc method=java.lang.CharacterDataLatin1.isWhitespace(I)Z @ 14
Event: 2.848 Thread 0x000000001a295800 Uncommon trap: reason=class_check action=maybe_recompile pc=0x00000000032bb5d0 method=javafx.scene.Node.updateLocalToParentTransform()V @ 11
Event: 2.848 Thread 0x000000001a295800 Uncommon trap: reason=class_check action=maybe_recompile pc=0x00000000032bb5d0 method=javafx.scene.Node.updateLocalToParentTransform()V @ 11
Event: 2.848 Thread 0x000000001a295800 Uncommon trap: reason=class_check action=maybe_recompile pc=0x00000000032bb5d0 method=javafx.scene.Node.updateLocalToParentTransform()V @ 11
Event: 2.848 Thread 0x000000001a295800 Uncommon trap: reason=class_check action=maybe_recompile pc=0x00000000032bb5d0 method=javafx.scene.Node.updateLocalToParentTransform()V @ 11

Classes redefined (0 events):
No events

Internal exceptions (10 events):
Event: 0.828 Thread 0x000000001a295800 Implicit null exception at 0x00000000030f0e6f to 0x00000000030f0ed9
Event: 2.341 Thread 0x000000001a295800 Exception <a 'java/lang/ClassNotFoundException': com/sun/org/glassfish/hk2/osgiresourcelocator/ServiceLoader> (0x00000000dba0a2e0) thrown at [C:\re\workspace\8-2-build-windows-amd64-cygwin\jdk8u201\12322\hotspot\src\share\vm\classfile\systemDictionary.cpp
Event: 2.355 Thread 0x000000001a295800 Exception <a 'java/io/FileNotFoundException'> (0x00000000dba2f760) thrown at [C:\re\workspace\8-2-build-windows-amd64-cygwin\jdk8u201\12322\hotspot\src\share\vm\prims\jni.cpp, line 709]
Event: 2.431 Thread 0x000000001a295800 Exception <a 'java/lang/NullPointerException'> (0x00000000dbbc3140) thrown at [C:\re\workspace\8-2-build-windows-amd64-cygwin\jdk8u201\12322\hotspot\src\share\vm\interpreter\linkResolver.cpp, line 1287]
Event: 2.448 Thread 0x000000001a295800 Exception <a 'java/lang/ArrayIndexOutOfBoundsException': 114> (0x00000000dbc01188) thrown at [C:\re\workspace\8-2-build-windows-amd64-cygwin\jdk8u201\12322\hotspot\src\share\vm\interpreter\interpreterRuntime.cpp, line 368]
Event: 2.448 Thread 0x000000001a295800 Exception <a 'java/lang/ArrayIndexOutOfBoundsException': 62> (0x00000000dbc026c0) thrown at [C:\re\workspace\8-2-build-windows-amd64-cygwin\jdk8u201\12322\hotspot\src\share\vm\interpreter\interpreterRuntime.cpp, line 368]
Event: 2.678 Thread 0x000000001a295800 Exception <a 'java/io/FileNotFoundException'> (0x00000000db15e5d8) thrown at [C:\re\workspace\8-2-build-windows-amd64-cygwin\jdk8u201\12322\hotspot\src\share\vm\prims\jni.cpp, line 709]
Event: 2.678 Thread 0x000000001a295800 Exception <a 'java/io/FileNotFoundException'> (0x00000000db15f3f0) thrown at [C:\re\workspace\8-2-build-windows-amd64-cygwin\jdk8u201\12322\hotspot\src\share\vm\prims\jni.cpp, line 709]
Event: 2.691 Thread 0x000000001a295800 Exception <a 'java/lang/ClassNotFoundException': com/sun/org/glassfish/hk2/osgiresourcelocator/ServiceLoader> (0x00000000db1a57a8) thrown at [C:\re\workspace\8-2-build-windows-amd64-cygwin\jdk8u201\12322\hotspot\src\share\vm\classfile\systemDictionary.cpp
Event: 2.753 Thread 0x000000001a295800 Exception <a 'java/lang/ClassNotFoundException': javax/servlet/ServletContext> (0x00000000db2db0c0) thrown at [C:\re\workspace\8-2-build-windows-amd64-cygwin\jdk8u201\12322\hotspot\src\share\vm\classfile\systemDictionary.cpp, line 210]

Events (10 events):
Event: 2.848 Thread 0x000000001a295800 DEOPT UNPACKING pc=0x0000000002e6583b sp=0x000000001b73c620 mode 2
Event: 2.848 Thread 0x000000001a295800 Uncommon trap: trap_request=0xffffffde fr.pc=0x00000000032bb5d0
Event: 2.848 Thread 0x000000001a295800 DEOPT PACKING pc=0x00000000032bb5d0 sp=0x000000001b73c050
Event: 2.848 Thread 0x000000001a295800 DEOPT UNPACKING pc=0x0000000002e6583b sp=0x000000001b73c000 mode 2
Event: 2.848 Thread 0x000000001a295800 Uncommon trap: trap_request=0xffffffde fr.pc=0x00000000032bb5d0
Event: 2.848 Thread 0x000000001a295800 DEOPT PACKING pc=0x00000000032bb5d0 sp=0x000000001b73ba30
Event: 2.848 Thread 0x000000001a295800 DEOPT UNPACKING pc=0x0000000002e6583b sp=0x000000001b73b9e0 mode 2
Event: 2.848 Thread 0x000000001a295800 Uncommon trap: trap_request=0xffffffde fr.pc=0x00000000032bb5d0
Event: 2.848 Thread 0x000000001a295800 DEOPT PACKING pc=0x00000000032bb5d0 sp=0x000000001b73b410
Event: 2.848 Thread 0x000000001a295800 DEOPT UNPACKING pc=0x0000000002e6583b sp=0x000000001b73b3c0 mode 2


Dynamic libraries:
0x00007ff63d430000 - 0x00007ff63d467000 	C:\Program Files\Java\jdk1.8.0_201\jre\bin\java.exe
0x00007ff860c00000 - 0x00007ff860ded000 	C:\Windows\SYSTEM32\ntdll.dll
0x00007ff85e540000 - 0x00007ff85e5f3000 	C:\Windows\System32\KERNEL32.DLL
0x00007ff85ce60000 - 0x00007ff85d0f3000 	C:\Windows\System32\KERNELBASE.dll
0x00007ff85e790000 - 0x00007ff85e833000 	C:\Windows\System32\ADVAPI32.dll
0x00007ff85e040000 - 0x00007ff85e0de000 	C:\Windows\System32\msvcrt.dll
0x00007ff85e840000 - 0x00007ff85e8de000 	C:\Windows\System32\sechost.dll
0x00007ff85e600000 - 0x00007ff85e722000 	C:\Windows\System32\RPCRT4.dll
0x00007ff85de20000 - 0x00007ff85dfb7000 	C:\Windows\System32\USER32.dll
0x00007ff85ccc0000 - 0x00007ff85cce0000 	C:\Windows\System32\win32u.dll
0x00007ff85f0b0000 - 0x00007ff85f0d9000 	C:\Windows\System32\GDI32.dll
0x00007ff85da50000 - 0x00007ff85dbe9000 	C:\Windows\System32\gdi32full.dll
0x00007ff85d130000 - 0x00007ff85d1d0000 	C:\Windows\System32\msvcp_win.dll
0x00007ff85cd60000 - 0x00007ff85ce5a000 	C:\Windows\System32\ucrtbase.dll
0x00007ff84be50000 - 0x00007ff84c0c9000 	C:\Windows\WinSxS\amd64_microsoft.windows.common-controls_6595b64144ccf1df_6.0.17763.737_none_05b6437c071e554b\COMCTL32.dll
0x00007ff85f1c0000 - 0x00007ff85f4ec000 	C:\Windows\System32\combase.dll
0x00007ff85d1d0000 - 0x00007ff85d24e000 	C:\Windows\System32\bcryptPrimitives.dll
0x00007ff85e2b0000 - 0x00007ff85e2de000 	C:\Windows\System32\IMM32.DLL
0x0000000076180000 - 0x0000000076251000 	C:\Program Files\Java\jdk1.8.0_201\jre\bin\msvcr100.dll
0x0000000076260000 - 0x0000000076b04000 	C:\Program Files\Java\jdk1.8.0_201\jre\bin\server\jvm.dll
0x00007ff85e0f0000 - 0x00007ff85e0f8000 	C:\Windows\System32\PSAPI.DLL
0x00007ff85af50000 - 0x00007ff85af59000 	C:\Windows\SYSTEM32\WSOCK32.dll
0x00007ff85ae60000 - 0x00007ff85ae84000 	C:\Windows\SYSTEM32\WINMM.dll
0x00007ff857f70000 - 0x00007ff857f7a000 	C:\Windows\SYSTEM32\VERSION.dll
0x00007ff85ea40000 - 0x00007ff85eaad000 	C:\Windows\System32\WS2_32.dll
0x00007ff85ad10000 - 0x00007ff85ad3d000 	C:\Windows\SYSTEM32\winmmbase.dll
0x00007ff85dbf0000 - 0x00007ff85dc3a000 	C:\Windows\System32\cfgmgr32.dll
0x00007ff85af40000 - 0x00007ff85af4f000 	C:\Program Files\Java\jdk1.8.0_201\jre\bin\verify.dll
0x00007ff84cdc0000 - 0x00007ff84cde9000 	C:\Program Files\Java\jdk1.8.0_201\jre\bin\java.dll
0x00007ff84cc30000 - 0x00007ff84cc46000 	C:\Program Files\Java\jdk1.8.0_201\jre\bin\zip.dll
0x00007ff85f6d0000 - 0x00007ff860bc2000 	C:\Windows\System32\SHELL32.dll
0x00007ff85e2e0000 - 0x00007ff85e388000 	C:\Windows\System32\shcore.dll
0x00007ff85d300000 - 0x00007ff85da4a000 	C:\Windows\System32\windows.storage.dll
0x00007ff85cc90000 - 0x00007ff85ccb4000 	C:\Windows\System32\profapi.dll
0x00007ff85cc30000 - 0x00007ff85cc8d000 	C:\Windows\System32\powrprof.dll
0x00007ff85f100000 - 0x00007ff85f152000 	C:\Windows\System32\shlwapi.dll
0x00007ff85cbf0000 - 0x00007ff85cc01000 	C:\Windows\System32\kernel.appcore.dll
0x00007ff85cce0000 - 0x00007ff85ccf7000 	C:\Windows\System32\cryptsp.dll
0x0000000002a80000 - 0x0000000002a83000 	C:\Program Files\Java\jdk1.8.0_201\jre\bin\api-ms-win-core-console-l1-1-0.dll
0x000000001a9a0000 - 0x000000001a9a3000 	C:\Program Files\Java\jdk1.8.0_201\jre\bin\api-ms-win-core-datetime-l1-1-0.dll
0x000000001a9b0000 - 0x000000001a9b3000 	C:\Program Files\Java\jdk1.8.0_201\jre\bin\api-ms-win-core-debug-l1-1-0.dll
0x000000001a9c0000 - 0x000000001a9c3000 	C:\Program Files\Java\jdk1.8.0_201\jre\bin\api-ms-win-core-errorhandling-l1-1-0.dll
0x000000001a9d0000 - 0x000000001a9d4000 	C:\Program Files\Java\jdk1.8.0_201\jre\bin\api-ms-win-core-file-l1-1-0.dll
0x000000001a9e0000 - 0x000000001a9e3000 	C:\Program Files\Java\jdk1.8.0_201\jre\bin\api-ms-win-core-file-l1-2-0.dll
0x000000001a9f0000 - 0x000000001a9f3000 	C:\Program Files\Java\jdk1.8.0_201\jre\bin\api-ms-win-core-file-l2-1-0.dll
0x000000001aa00000 - 0x000000001aa03000 	C:\Program Files\Java\jdk1.8.0_201\jre\bin\api-ms-win-core-handle-l1-1-0.dll
0x000000001aa10000 - 0x000000001aa13000 	C:\Program Files\Java\jdk1.8.0_201\jre\bin\api-ms-win-core-heap-l1-1-0.dll
0x000000001aa20000 - 0x000000001aa23000 	C:\Program Files\Java\jdk1.8.0_201\jre\bin\api-ms-win-core-interlocked-l1-1-0.dll
0x000000001aa30000 - 0x000000001aa33000 	C:\Program Files\Java\jdk1.8.0_201\jre\bin\api-ms-win-core-libraryloader-l1-1-0.dll
0x000000001aa40000 - 0x000000001aa43000 	C:\Program Files\Java\jdk1.8.0_201\jre\bin\api-ms-win-core-localization-l1-2-0.dll
0x000000001aa50000 - 0x000000001aa53000 	C:\Program Files\Java\jdk1.8.0_201\jre\bin\api-ms-win-core-memory-l1-1-0.dll
0x000000001aa60000 - 0x000000001aa63000 	C:\Program Files\Java\jdk1.8.0_201\jre\bin\api-ms-win-core-namedpipe-l1-1-0.dll
0x000000001aa70000 - 0x000000001aa73000 	C:\Program Files\Java\jdk1.8.0_201\jre\bin\api-ms-win-core-processenvironment-l1-1-0.dll
0x000000001aa80000 - 0x000000001aa83000 	C:\Program Files\Java\jdk1.8.0_201\jre\bin\api-ms-win-core-processthreads-l1-1-0.dll
0x000000001aa90000 - 0x000000001aa93000 	C:\Program Files\Java\jdk1.8.0_201\jre\bin\api-ms-win-core-processthreads-l1-1-1.dll
0x000000001aaa0000 - 0x000000001aaa3000 	C:\Program Files\Java\jdk1.8.0_201\jre\bin\api-ms-win-core-profile-l1-1-0.dll
0x000000001aab0000 - 0x000000001aab3000 	C:\Program Files\Java\jdk1.8.0_201\jre\bin\api-ms-win-core-rtlsupport-l1-1-0.dll
0x000000001aac0000 - 0x000000001aac3000 	C:\Program Files\Java\jdk1.8.0_201\jre\bin\api-ms-win-core-string-l1-1-0.dll
0x000000001aad0000 - 0x000000001aad3000 	C:\Program Files\Java\jdk1.8.0_201\jre\bin\api-ms-win-core-synch-l1-1-0.dll
0x000000001aae0000 - 0x000000001aae3000 	C:\Program Files\Java\jdk1.8.0_201\jre\bin\api-ms-win-core-synch-l1-2-0.dll
0x000000001aaf0000 - 0x000000001aaf3000 	C:\Program Files\Java\jdk1.8.0_201\jre\bin\api-ms-win-core-sysinfo-l1-1-0.dll
0x000000001ab00000 - 0x000000001ab03000 	C:\Program Files\Java\jdk1.8.0_201\jre\bin\api-ms-win-core-timezone-l1-1-0.dll
0x000000001ab10000 - 0x000000001ab13000 	C:\Program Files\Java\jdk1.8.0_201\jre\bin\api-ms-win-core-util-l1-1-0.dll
0x000000001ab20000 - 0x000000001ab23000 	C:\Program Files\Java\jdk1.8.0_201\jre\bin\api-ms-win-crt-conio-l1-1-0.dll
0x000000001ab30000 - 0x000000001ab34000 	C:\Program Files\Java\jdk1.8.0_201\jre\bin\api-ms-win-crt-convert-l1-1-0.dll
0x000000001ab40000 - 0x000000001ab43000 	C:\Program Files\Java\jdk1.8.0_201\jre\bin\api-ms-win-crt-environment-l1-1-0.dll
0x000000001ab50000 - 0x000000001ab53000 	C:\Program Files\Java\jdk1.8.0_201\jre\bin\api-ms-win-crt-filesystem-l1-1-0.dll
0x000000001ab60000 - 0x000000001ab63000 	C:\Program Files\Java\jdk1.8.0_201\jre\bin\api-ms-win-crt-heap-l1-1-0.dll
0x000000001ab70000 - 0x000000001ab73000 	C:\Program Files\Java\jdk1.8.0_201\jre\bin\api-ms-win-crt-locale-l1-1-0.dll
0x000000001ab80000 - 0x000000001ab85000 	C:\Program Files\Java\jdk1.8.0_201\jre\bin\api-ms-win-crt-math-l1-1-0.dll
0x000000001ab90000 - 0x000000001ab95000 	C:\Program Files\Java\jdk1.8.0_201\jre\bin\api-ms-win-crt-multibyte-l1-1-0.dll
0x000000001aba0000 - 0x000000001abb0000 	C:\Program Files\Java\jdk1.8.0_201\jre\bin\api-ms-win-crt-private-l1-1-0.dll
0x000000001abb0000 - 0x000000001abb3000 	C:\Program Files\Java\jdk1.8.0_201\jre\bin\api-ms-win-crt-process-l1-1-0.dll
0x000000001abc0000 - 0x000000001abc4000 	C:\Program Files\Java\jdk1.8.0_201\jre\bin\api-ms-win-crt-runtime-l1-1-0.dll
0x000000001abd0000 - 0x000000001abd4000 	C:\Program Files\Java\jdk1.8.0_201\jre\bin\api-ms-win-crt-stdio-l1-1-0.dll
0x000000001abe0000 - 0x000000001abe4000 	C:\Program Files\Java\jdk1.8.0_201\jre\bin\api-ms-win-crt-string-l1-1-0.dll
0x000000001abf0000 - 0x000000001abf3000 	C:\Program Files\Java\jdk1.8.0_201\jre\bin\api-ms-win-crt-time-l1-1-0.dll
0x000000001ac00000 - 0x000000001ac03000 	C:\Program Files\Java\jdk1.8.0_201\jre\bin\api-ms-win-crt-utility-l1-1-0.dll
0x00007ff81ca80000 - 0x00007ff81cb76000 	C:\Program Files\Java\jdk1.8.0_201\jre\bin\ucrtbase.dll
0x00007ff854aa0000 - 0x00007ff854ab6000 	C:\Program Files\Java\jdk1.8.0_201\jre\bin\vcruntime140.dll
0x00007ff81de40000 - 0x00007ff81dedc000 	C:\Program Files\Java\jdk1.8.0_201\jre\bin\msvcp140.dll
0x00007ff8489c0000 - 0x00007ff848a11000 	C:\Program Files\Java\jdk1.8.0_201\jre\bin\concrt140.dll
0x00007ff8549a0000 - 0x00007ff8549c3000 	C:\Program Files\Java\jdk1.8.0_201\jre\bin\prism_d3d.dll
0x00007ff832a90000 - 0x00007ff832c2e000 	C:\Windows\system32\d3d9.dll
0x00007ff85b4c0000 - 0x00007ff85b4ee000 	C:\Windows\SYSTEM32\dwmapi.dll
0x00007ff85dc40000 - 0x00007ff85de1b000 	C:\Windows\System32\CRYPT32.dll
0x00007ff85cc10000 - 0x00007ff85cc22000 	C:\Windows\System32\MSASN1.dll
0x00007ff85b1e0000 - 0x00007ff85b27c000 	C:\Windows\system32\uxtheme.dll
0x00007ff856fe0000 - 0x00007ff8571bc000 	C:\Windows\System32\DriverStore\FileRepository\u0340461.inf_amd64_c6db5d91b1f3fdf9\B340443\aticfx64.dll
0x00007ff84cb20000 - 0x00007ff84cb51000 	C:\Windows\System32\DriverStore\FileRepository\u0340461.inf_amd64_c6db5d91b1f3fdf9\B340443\atiu9p64.dll
0x00007ff80b600000 - 0x00007ff80c346000 	C:\Windows\System32\DriverStore\FileRepository\u0340461.inf_amd64_c6db5d91b1f3fdf9\B340443\atiumd64.dll
0x00007ff85e8e0000 - 0x00007ff85ea35000 	C:\Windows\System32\ole32.dll
0x0000000076d80000 - 0x0000000077a78000 	C:\Windows\System32\DriverStore\FileRepository\u0340461.inf_amd64_c6db5d91b1f3fdf9\B340443\atiumd6a.dll
0x00007ff855b20000 - 0x00007ff855b4b000 	C:\Windows\SYSTEM32\amdihk64.dll
0x00007ff849d30000 - 0x00007ff849d79000 	C:\Program Files\Java\jdk1.8.0_201\jre\bin\glass.dll
0x00007ff85e100000 - 0x00007ff85e227000 	C:\Windows\System32\COMDLG32.dll
0x00007ff85f600000 - 0x00007ff85f6c4000 	C:\Windows\System32\OLEAUT32.dll
0x00007ff85eab0000 - 0x00007ff85ec1b000 	C:\Windows\System32\MSCTF.dll
0x00007ff854980000 - 0x00007ff854994000 	C:\Program Files\Java\jdk1.8.0_201\jre\bin\javafx_font.dll
0x00007ff84dfe0000 - 0x00007ff84e2dc000 	C:\Windows\SYSTEM32\dwrite.dll
0x00007ff85f550000 - 0x00007ff85f5f2000 	C:\Windows\System32\clbcatq.dll
0x00007ff857b50000 - 0x00007ff857d08000 	C:\Windows\SYSTEM32\WindowsCodecs.dll
0x00007ff844a50000 - 0x00007ff844aa6000 	C:\Windows\system32\dataexchange.dll
0x00007ff85a440000 - 0x00007ff85a6be000 	C:\Windows\system32\d3d11.dll
0x00007ff85a6c0000 - 0x00007ff85a883000 	C:\Windows\system32\dcomp.dll
0x00007ff85b920000 - 0x00007ff85b9e2000 	C:\Windows\system32\dxgi.dll
0x00007ff85b2b0000 - 0x00007ff85b4bd000 	C:\Windows\system32\twinapi.appcore.dll
0x00007ff85b4f0000 - 0x00007ff85b518000 	C:\Windows\system32\RMCLIENT.dll
0x00007ff84c860000 - 0x00007ff84c893000 	C:\Program Files\Common Files\Microsoft Shared\Ink\rtscom.dll
0x00007ff8521c0000 - 0x00007ff852255000 	C:\Windows\System32\TextInputFramework.dll
0x00007ff85ac20000 - 0x00007ff85ad02000 	C:\Windows\System32\CoreMessaging.dll
0x00007ff8581d0000 - 0x00007ff8584f2000 	C:\Windows\System32\CoreUIComponents.dll
0x00007ff85bc90000 - 0x00007ff85bcc1000 	C:\Windows\SYSTEM32\ntmarta.dll
0x00007ff858b10000 - 0x00007ff858c63000 	C:\Windows\SYSTEM32\wintypes.dll
0x00007ff854770000 - 0x00007ff854782000 	C:\Program Files\Java\jdk1.8.0_201\jre\bin\prism_common.dll

VM Arguments:
jvm_args: -Dfile.encoding=UTF-8 
java_command: C:\Users\Bran\Documents\GitHub\AdmProyectos\dist\run757314625\AdministracionProyecto.jar
java_class_path (initial): C:\Users\Bran\Documents\GitHub\AdmProyectos\dist\run757314625\AdministracionProyecto.jar
Launcher Type: SUN_STANDARD

Environment Variables:
PATH=C:\oraclexe\app\oracle\product\11.2.0\server\bin;;C:\Program Files (x86)\Common Files\Oracle\Java\javapath;C:\Windows\system32;C:\Windows;C:\Windows\System32\Wbem;C:\Windows\System32\WindowsPowerShell\v1.0\;C:\Windows\System32\OpenSSH\;C:\Program Files\Microsoft SQL Server\130\Tools\Binn\;C:\Users\Bran\AppData\Local\Microsoft\WindowsApps;C:\Program Files\JetBrains\PyCharm Community Edition 2019.1.2\bin;C:\Users\Bran\AppData\Local\GitHubDesktop\bin
USERNAME=Bran
OS=Windows_NT
PROCESSOR_IDENTIFIER=AMD64 Family 23 Model 17 Stepping 0, AuthenticAMD



---------------  S Y S T E M  ---------------

OS: Windows 10.0 , 64 bit Build 17763 (10.0.17763.475)

CPU:total 8 (initial active 8) (8 cores per cpu, 1 threads per core) family 23 model 17 stepping 0, cmov, cx8, fxsr, mmx, sse, sse2, sse3, ssse3, sse4.1, sse4.2, popcnt, avx, avx2, aes, clmul, mmxext, 3dnowpref, lzcnt, sse4a, tsc, tscinvbit, tscinv, bmi1

Memory: 4k page, physical 7282996k(1087876k free), swap 9744516k(5128k free)

vm_info: Java HotSpot(TM) 64-Bit Server VM (25.201-b09) for windows-amd64 JRE (1.8.0_201-b09), built on Dec 15 2018 18:36:39 by "java_re" with MS VC++ 10.0 (VS2010)

time: Sat Sep 21 01:11:13 2019
timezone: Hora estándar, América Central
elapsed time: 3 seconds (0d 0h 0m 3s)

